2020-02-13 23:45:06,010 Starting new HTTP connection (1): updatechecker.bryceboe.com:80
2020-02-13 23:45:06,938 http://updatechecker.bryceboe.com:80 "PUT /check HTTP/1.1" 200 23
2020-02-13 23:45:06,946 George is listening now!
2020-02-13 23:45:06,947 Fetching: GET https://oauth.reddit.com/r/test/new
2020-02-13 23:45:06,947 Data: None
2020-02-13 23:45:06,947 Params: {'before': None, 'limit': 100, 'raw_json': 1}
2020-02-13 23:45:06,947 Starting new HTTPS connection (1): www.reddit.com:443
2020-02-13 23:45:08,149 https://www.reddit.com:443 "POST /api/v1/access_token HTTP/1.1" 200 118
2020-02-13 23:45:08,149 Starting new HTTPS connection (1): oauth.reddit.com:443
2020-02-13 23:45:09,767 https://oauth.reddit.com:443 "GET /r/test/new?limit=100&raw_json=1 HTTP/1.1" 200 53396
2020-02-13 23:45:10,090 Response: 200 (53396 bytes)
2020-02-13 23:45:10,146 Fetching: GET https://oauth.reddit.com/r/test/comments/
2020-02-13 23:45:10,146 Data: None
2020-02-13 23:45:10,146 Params: {'before': None, 'limit': 100, 'raw_json': 1}
2020-02-13 23:45:10,146 Sleeping: 0.45 seconds prior to call
2020-02-13 23:45:11,578 https://oauth.reddit.com:443 "GET /r/test/comments/?limit=100&raw_json=1 HTTP/1.1" 200 18806
2020-02-13 23:45:11,589 Response: 200 (18806 bytes)
2020-02-13 23:45:11,643 giphy search started for type: stickers and text: john cena
2020-02-13 23:45:11,643 https://api.giphy.com/v1/stickers/search?api_key=vNtiE6s0fhNVBdiITvE9ycDMQkyY4F6q&limit=1&q=john cena
2020-02-13 23:45:11,644 Starting new HTTPS connection (1): api.giphy.com:443
2020-02-13 23:45:12,554 https://api.giphy.com:443 "GET /v1/stickers/search?api_key=vNtiE6s0fhNVBdiITvE9ycDMQkyY4F6q&limit=1&q=john%20cena HTTP/1.1" 200 1403
2020-02-13 23:45:12,554 New Reply: {"title": "john cena wwe Sticker by AnimatedText", "url": "https://giphy.com/stickers/animatedtext-john-cena-IJXSDgrtbkM4o"}
2020-02-13 23:45:12,554 Fetching: POST https://oauth.reddit.com/api/comment/
2020-02-13 23:45:12,554 Data: [('api_type', 'json'), ('text', '[john cena wwe Sticker by AnimatedText](https://giphy.com/stickers/animatedtext-john-cena-IJXSDgrtbkM4o)\n\n  '), ('thing_id', 't1_fhf1fxt')]
2020-02-13 23:45:12,554 Params: {'raw_json': 1}
2020-02-13 23:45:13,084 https://oauth.reddit.com:443 "POST /api/comment/?raw_json=1 HTTP/1.1" 200 843
2020-02-13 23:45:13,084 Response: 200 (843 bytes)
2020-02-13 23:45:23,098 giphy search started for type: stickers and text: ice
2020-02-13 23:45:23,114 https://api.giphy.com/v1/stickers/search?api_key=vNtiE6s0fhNVBdiITvE9ycDMQkyY4F6q&limit=1&q=ice
2020-02-13 23:45:23,115 Starting new HTTPS connection (1): api.giphy.com:443
2020-02-13 23:45:38,357 https://api.giphy.com:443 "GET /v1/stickers/search?api_key=vNtiE6s0fhNVBdiITvE9ycDMQkyY4F6q&limit=1&q=ice HTTP/1.1" 200 1411
2020-02-13 23:45:38,358 New Reply: {"title": "sad lana del rey Sticker by Matt Osio", "url": "https://giphy.com/stickers/mattosio-animated-text-portrait-yoJC2OxXlY4w9u0TCM"}
2020-02-13 23:45:38,358 Fetching: POST https://oauth.reddit.com/api/comment/
2020-02-13 23:45:38,358 Data: [('api_type', 'json'), ('text', '[sad lana del rey Sticker by Matt Osio](https://giphy.com/stickers/mattosio-animated-text-portrait-yoJC2OxXlY4w9u0TCM)\n\n  '), ('thing_id', 't1_fhi073t')]
2020-02-13 23:45:38,358 Params: {'raw_json': 1}
2020-02-13 23:45:38,872 https://oauth.reddit.com:443 "POST /api/comment/?raw_json=1 HTTP/1.1" 500 50
2020-02-13 23:45:38,872 Response: 500 (50 bytes)
2020-02-13 23:45:38,872 Retrying due to 500 status: POST https://oauth.reddit.com/api/comment/
2020-02-13 23:45:38,872 Sleeping: 0.54 seconds prior to retry
2020-02-13 23:45:39,440 Fetching: POST https://oauth.reddit.com/api/comment/
2020-02-13 23:45:39,441 Data: [('api_type', 'json'), ('text', '[sad lana del rey Sticker by Matt Osio](https://giphy.com/stickers/mattosio-animated-text-portrait-yoJC2OxXlY4w9u0TCM)\n\n  '), ('thing_id', 't1_fhi073t')]
2020-02-13 23:45:39,442 Params: {'raw_json': 1}
2020-02-13 23:45:39,742 https://oauth.reddit.com:443 "POST /api/comment/?raw_json=1 HTTP/1.1" 200 106
2020-02-13 23:45:39,742 Response: 200 (106 bytes)
2020-02-13 23:45:49,819 Fetching: GET https://oauth.reddit.com/r/test/comments/
2020-02-13 23:45:49,820 Data: None
2020-02-13 23:45:49,820 Params: {'before': 't1_fhi0bws', 'limit': 100, 'raw_json': 1}
2020-02-13 23:45:50,235 https://oauth.reddit.com:443 "GET /r/test/comments/?before=t1_fhi0bws&limit=100&raw_json=1 HTTP/1.1" 200 938
2020-02-13 23:45:50,236 Response: 200 (938 bytes)
2020-02-13 23:45:50,239 Fetching: GET https://oauth.reddit.com/r/test/comments/
2020-02-13 23:45:50,240 Data: None
2020-02-13 23:45:50,240 Params: {'before': 't1_fhi4pb6', 'limit': 100, 'raw_json': 1}
2020-02-13 23:45:50,240 Sleeping: 0.87 seconds prior to call
2020-02-13 23:45:51,522 https://oauth.reddit.com:443 "GET /r/test/comments/?before=t1_fhi4pb6&limit=100&raw_json=1 HTTP/1.1" 200 104
2020-02-13 23:45:51,522 Response: 200 (104 bytes)
2020-02-13 23:45:52,557 Fetching: GET https://oauth.reddit.com/r/test/comments/
2020-02-13 23:45:52,558 Data: None
2020-02-13 23:45:52,558 Params: {'before': None, 'limit': 99, 'raw_json': 1}
2020-02-13 23:45:53,475 https://oauth.reddit.com:443 "GET /r/test/comments/?limit=99&raw_json=1 HTTP/1.1" 200 18545
2020-02-13 23:45:53,483 Response: 200 (18545 bytes)
2020-02-13 23:45:55,514 Fetching: GET https://oauth.reddit.com/r/test/comments/
2020-02-13 23:45:55,515 Data: None
2020-02-13 23:45:55,515 Params: {'before': None, 'limit': 98, 'raw_json': 1}
2020-02-13 23:45:56,388 https://oauth.reddit.com:443 "GET /r/test/comments/?limit=98&raw_json=1 HTTP/1.1" 200 18432
2020-02-13 23:45:56,399 Response: 200 (18432 bytes)
2020-02-13 23:46:00,420 Fetching: GET https://oauth.reddit.com/r/test/comments/
2020-02-13 23:46:00,420 Data: None
2020-02-13 23:46:00,422 Params: {'before': None, 'limit': 97, 'raw_json': 1}
2020-02-13 23:46:01,872 https://oauth.reddit.com:443 "GET /r/test/comments/?limit=97&raw_json=1 HTTP/1.1" 200 18230
2020-02-13 23:46:01,880 Response: 200 (18230 bytes)
2020-02-13 23:46:10,040 Fetching: GET https://oauth.reddit.com/r/test/comments/
2020-02-13 23:46:10,040 Data: None
2020-02-13 23:46:10,040 Params: {'before': None, 'limit': 96, 'raw_json': 1}
2020-02-13 23:46:10,985 https://oauth.reddit.com:443 "GET /r/test/comments/?limit=96&raw_json=1 HTTP/1.1" 200 18004
2020-02-13 23:46:10,989 Response: 200 (18004 bytes)
2020-02-13 23:46:27,481 Fetching: GET https://oauth.reddit.com/r/test/comments/
2020-02-13 23:46:27,482 Data: None
2020-02-13 23:46:27,482 Params: {'before': None, 'limit': 95, 'raw_json': 1}
2020-02-13 23:46:28,496 https://oauth.reddit.com:443 "GET /r/test/comments/?limit=95&raw_json=1 HTTP/1.1" 200 17903
2020-02-13 23:46:28,500 Response: 200 (17903 bytes)
2020-02-13 23:46:44,403 Fetching: GET https://oauth.reddit.com/r/test/comments/
2020-02-13 23:46:44,403 Data: None
2020-02-13 23:46:44,403 Params: {'before': None, 'limit': 94, 'raw_json': 1}
2020-02-13 23:46:45,287 https://oauth.reddit.com:443 "GET /r/test/comments/?limit=94&raw_json=1 HTTP/1.1" 200 17669
2020-02-13 23:46:45,292 Response: 200 (17669 bytes)
2020-02-13 23:47:01,280 Fetching: GET https://oauth.reddit.com/r/test/comments/
2020-02-13 23:47:01,281 Data: None
2020-02-13 23:47:01,281 Params: {'before': None, 'limit': 93, 'raw_json': 1}
2020-02-13 23:47:02,390 https://oauth.reddit.com:443 "GET /r/test/comments/?limit=93&raw_json=1 HTTP/1.1" 200 17622
2020-02-13 23:47:02,404 Response: 200 (17622 bytes)
2020-02-13 23:47:18,388 Fetching: GET https://oauth.reddit.com/r/test/comments/
2020-02-13 23:47:18,388 Data: None
2020-02-13 23:47:18,388 Params: {'before': None, 'limit': 92, 'raw_json': 1}
2020-02-13 23:47:19,390 https://oauth.reddit.com:443 "GET /r/test/comments/?limit=92&raw_json=1 HTTP/1.1" 200 17521
2020-02-13 23:47:19,395 Response: 200 (17521 bytes)
2020-02-13 23:47:35,316 Fetching: GET https://oauth.reddit.com/r/test/comments/
2020-02-13 23:47:35,316 Data: None
2020-02-13 23:47:35,316 Params: {'before': None, 'limit': 91, 'raw_json': 1}
2020-02-13 23:47:36,388 https://oauth.reddit.com:443 "GET /r/test/comments/?limit=91&raw_json=1 HTTP/1.1" 200 17467
2020-02-13 23:47:36,393 Response: 200 (17467 bytes)
2020-02-13 23:47:52,134 Fetching: GET https://oauth.reddit.com/r/test/comments/
2020-02-13 23:47:52,134 Data: None
2020-02-13 23:47:52,134 Params: {'before': None, 'limit': 90, 'raw_json': 1}
2020-02-13 23:47:54,147 https://oauth.reddit.com:443 "GET /r/test/comments/?limit=90&raw_json=1 HTTP/1.1" 200 17418
2020-02-13 23:47:54,156 Response: 200 (17418 bytes)
2020-02-13 23:48:10,056 Fetching: GET https://oauth.reddit.com/r/test/comments/
2020-02-13 23:48:10,057 Data: None
2020-02-13 23:48:10,058 Params: {'before': None, 'limit': 89, 'raw_json': 1}
2020-02-13 23:48:11,001 https://oauth.reddit.com:443 "GET /r/test/comments/?limit=89&raw_json=1 HTTP/1.1" 200 17366
2020-02-13 23:48:11,010 Response: 200 (17366 bytes)
2020-02-13 23:48:26,771 Fetching: GET https://oauth.reddit.com/r/test/comments/
2020-02-13 23:48:26,771 Data: None
2020-02-13 23:48:26,772 Params: {'before': None, 'limit': 88, 'raw_json': 1}
2020-02-13 23:48:27,689 https://oauth.reddit.com:443 "GET /r/test/comments/?limit=88&raw_json=1 HTTP/1.1" 200 17311
2020-02-13 23:48:27,696 Response: 200 (17311 bytes)
2020-02-13 23:48:43,540 Fetching: GET https://oauth.reddit.com/r/test/comments/
2020-02-13 23:48:43,541 Data: None
2020-02-13 23:48:43,541 Params: {'before': None, 'limit': 87, 'raw_json': 1}
2020-02-13 23:48:44,482 https://oauth.reddit.com:443 "GET /r/test/comments/?limit=87&raw_json=1 HTTP/1.1" 200 17246
2020-02-13 23:48:44,487 Response: 200 (17246 bytes)
2020-02-13 23:49:00,824 Fetching: GET https://oauth.reddit.com/r/test/comments/
2020-02-13 23:49:00,824 Data: None
2020-02-13 23:49:00,824 Params: {'before': None, 'limit': 86, 'raw_json': 1}
2020-02-13 23:49:01,628 https://oauth.reddit.com:443 "GET /r/test/comments/?limit=86&raw_json=1 HTTP/1.1" 200 17097
2020-02-13 23:49:01,637 Response: 200 (17097 bytes)
2020-02-13 23:49:17,514 Fetching: GET https://oauth.reddit.com/r/test/comments/
2020-02-13 23:49:17,515 Data: None
2020-02-13 23:49:17,516 Params: {'before': None, 'limit': 85, 'raw_json': 1}
2020-02-13 23:49:18,339 https://oauth.reddit.com:443 "GET /r/test/comments/?limit=85&raw_json=1 HTTP/1.1" 200 16857
2020-02-13 23:49:18,343 Response: 200 (16857 bytes)
2020-02-13 23:49:34,844 Fetching: GET https://oauth.reddit.com/r/test/comments/
2020-02-13 23:49:34,845 Data: None
2020-02-13 23:49:34,845 Params: {'before': None, 'limit': 84, 'raw_json': 1}
2020-02-13 23:49:35,999 https://oauth.reddit.com:443 "GET /r/test/comments/?limit=84&raw_json=1 HTTP/1.1" 200 16803
2020-02-13 23:49:36,003 Response: 200 (16803 bytes)
2020-02-13 23:49:52,037 Fetching: GET https://oauth.reddit.com/r/test/comments/
2020-02-13 23:49:52,037 Data: None
2020-02-13 23:49:52,037 Params: {'before': None, 'limit': 83, 'raw_json': 1}
2020-02-13 23:49:53,160 https://oauth.reddit.com:443 "GET /r/test/comments/?limit=83&raw_json=1 HTTP/1.1" 200 16753
2020-02-13 23:49:53,167 Response: 200 (16753 bytes)
2020-02-13 23:50:08,834 Fetching: GET https://oauth.reddit.com/r/test/comments/
2020-02-13 23:50:08,836 Data: None
2020-02-13 23:50:08,836 Params: {'before': None, 'limit': 82, 'raw_json': 1}
2020-02-13 23:50:09,782 https://oauth.reddit.com:443 "GET /r/test/comments/?limit=82&raw_json=1 HTTP/1.1" 200 16699
2020-02-13 23:50:09,787 Response: 200 (16699 bytes)
2020-02-13 23:50:25,448 Fetching: GET https://oauth.reddit.com/r/test/comments/
2020-02-13 23:50:25,449 Data: None
2020-02-13 23:50:25,449 Params: {'before': None, 'limit': 81, 'raw_json': 1}
2020-02-13 23:50:26,310 https://oauth.reddit.com:443 "GET /r/test/comments/?limit=81&raw_json=1 HTTP/1.1" 200 16591
2020-02-13 23:50:26,315 Response: 200 (16591 bytes)
2020-02-13 23:50:42,196 Fetching: GET https://oauth.reddit.com/r/test/comments/
2020-02-13 23:50:42,197 Data: None
2020-02-13 23:50:42,197 Params: {'before': None, 'limit': 80, 'raw_json': 1}
2020-02-13 23:50:43,064 https://oauth.reddit.com:443 "GET /r/test/comments/?limit=80&raw_json=1 HTTP/1.1" 200 16480
2020-02-13 23:50:43,070 Response: 200 (16480 bytes)
2020-02-13 23:50:59,313 Fetching: GET https://oauth.reddit.com/r/test/comments/
2020-02-13 23:50:59,314 Data: None
2020-02-13 23:50:59,314 Params: {'before': None, 'limit': 79, 'raw_json': 1}
2020-02-13 23:51:00,164 https://oauth.reddit.com:443 "GET /r/test/comments/?limit=79&raw_json=1 HTTP/1.1" 200 16340
2020-02-13 23:51:00,168 Response: 200 (16340 bytes)
2020-02-13 23:51:16,592 Fetching: GET https://oauth.reddit.com/r/test/comments/
2020-02-13 23:51:16,592 Data: None
2020-02-13 23:51:16,592 Params: {'before': None, 'limit': 78, 'raw_json': 1}
2020-02-13 23:51:17,418 https://oauth.reddit.com:443 "GET /r/test/comments/?limit=78&raw_json=1 HTTP/1.1" 200 16069
2020-02-13 23:51:17,424 Response: 200 (16069 bytes)
2020-02-13 23:51:33,411 Fetching: GET https://oauth.reddit.com/r/test/comments/
2020-02-13 23:51:33,411 Data: None
2020-02-13 23:51:33,411 Params: {'before': None, 'limit': 77, 'raw_json': 1}
2020-02-13 23:51:34,178 https://oauth.reddit.com:443 "GET /r/test/comments/?limit=77&raw_json=1 HTTP/1.1" 200 15804
2020-02-13 23:51:34,179 Response: 200 (15804 bytes)
2020-02-13 23:51:50,116 Fetching: GET https://oauth.reddit.com/r/test/comments/
2020-02-13 23:51:50,116 Data: None
2020-02-13 23:51:50,116 Params: {'before': None, 'limit': 76, 'raw_json': 1}
2020-02-13 23:51:51,028 https://oauth.reddit.com:443 "GET /r/test/comments/?limit=76&raw_json=1 HTTP/1.1" 200 15649
2020-02-13 23:51:51,030 Response: 200 (15649 bytes)
2020-02-13 23:52:07,326 Fetching: GET https://oauth.reddit.com/r/test/comments/
2020-02-13 23:52:07,327 Data: None
2020-02-13 23:52:07,327 Params: {'before': None, 'limit': 75, 'raw_json': 1}
2020-02-13 23:52:08,409 https://oauth.reddit.com:443 "GET /r/test/comments/?limit=75&raw_json=1 HTTP/1.1" 200 15456
2020-02-13 23:52:08,412 Response: 200 (15456 bytes)
2020-02-13 23:52:24,017 Fetching: GET https://oauth.reddit.com/r/test/comments/
2020-02-13 23:52:24,017 Data: None
2020-02-13 23:52:24,017 Params: {'before': None, 'limit': 74, 'raw_json': 1}
2020-02-13 23:52:24,856 https://oauth.reddit.com:443 "GET /r/test/comments/?limit=74&raw_json=1 HTTP/1.1" 200 14855
2020-02-13 23:52:24,872 Response: 200 (14855 bytes)
2020-02-13 23:52:25,013 giphy search started for type: stickers and text: eric andre
2020-02-13 23:52:25,014 https://api.giphy.com/v1/stickers/search?api_key=vNtiE6s0fhNVBdiITvE9ycDMQkyY4F6q&limit=1&q=eric andre
2020-02-13 23:52:25,027 Starting new HTTPS connection (1): api.giphy.com:443
2020-02-13 23:52:25,996 https://api.giphy.com:443 "GET /v1/stickers/search?api_key=vNtiE6s0fhNVBdiITvE9ycDMQkyY4F6q&limit=1&q=eric%20andre HTTP/1.1" 200 1321
2020-02-13 23:52:25,996 New Reply: {"title": "eric andre wtf Sticker by Patrick Passaro", "url": "https://giphy.com/stickers/funny-wtf-lick-fLyqnUpVMU3YWDIPUu"}
2020-02-13 23:52:25,996 Fetching: POST https://oauth.reddit.com/api/comment/
2020-02-13 23:52:25,996 Data: [('api_type', 'json'), ('text', '[eric andre wtf Sticker by Patrick Passaro](https://giphy.com/stickers/funny-wtf-lick-fLyqnUpVMU3YWDIPUu)\n\n  '), ('thing_id', 't1_fhi5hs8')]
2020-02-13 23:52:25,996 Params: {'raw_json': 1}
2020-02-13 23:52:26,620 https://oauth.reddit.com:443 "POST /api/comment/?raw_json=1 HTTP/1.1" 200 851
2020-02-13 23:52:26,621 Response: 200 (851 bytes)
2020-02-13 23:52:36,640 Fetching: GET https://oauth.reddit.com/r/test/comments/
2020-02-13 23:52:36,640 Data: None
2020-02-13 23:52:36,640 Params: {'before': 't1_fhi5hs8', 'limit': 100, 'raw_json': 1}
2020-02-13 23:52:36,991 https://oauth.reddit.com:443 "GET /r/test/comments/?before=t1_fhi5hs8&limit=100&raw_json=1 HTTP/1.1" 200 947
2020-02-13 23:52:36,991 Response: 200 (947 bytes)
2020-02-13 23:52:37,039 Fetching: GET https://oauth.reddit.com/r/test/comments/
2020-02-13 23:52:37,039 Data: None
2020-02-13 23:52:37,043 Params: {'before': 't1_fhi5irw', 'limit': 100, 'raw_json': 1}
2020-02-13 23:52:37,043 Sleeping: 0.70 seconds prior to call
2020-02-13 23:52:38,126 https://oauth.reddit.com:443 "GET /r/test/comments/?before=t1_fhi5irw&limit=100&raw_json=1 HTTP/1.1" 200 104
2020-02-13 23:52:38,130 Response: 200 (104 bytes)
2020-02-13 23:52:39,104 Fetching: GET https://oauth.reddit.com/r/test/comments/
2020-02-13 23:52:39,105 Data: None
2020-02-13 23:52:39,105 Params: {'before': None, 'limit': 73, 'raw_json': 1}
2020-02-13 23:52:39,931 https://oauth.reddit.com:443 "GET /r/test/comments/?limit=73&raw_json=1 HTTP/1.1" 200 14625
2020-02-13 23:52:39,951 Response: 200 (14625 bytes)
2020-02-13 23:52:42,358 Fetching: GET https://oauth.reddit.com/r/test/comments/
2020-02-13 23:52:42,358 Data: None
2020-02-13 23:52:42,358 Params: {'before': None, 'limit': 72, 'raw_json': 1}
2020-02-13 23:52:43,025 https://oauth.reddit.com:443 "GET /r/test/comments/?limit=72&raw_json=1 HTTP/1.1" 200 14271
2020-02-13 23:52:43,039 Response: 200 (14271 bytes)
2020-02-13 23:52:47,156 Fetching: GET https://oauth.reddit.com/r/test/comments/
2020-02-13 23:52:47,157 Data: None
2020-02-13 23:52:47,157 Params: {'before': None, 'limit': 71, 'raw_json': 1}
2020-02-13 23:52:48,006 https://oauth.reddit.com:443 "GET /r/test/comments/?limit=71&raw_json=1 HTTP/1.1" 200 14061
2020-02-13 23:52:48,015 Response: 200 (14061 bytes)
2020-02-13 23:52:55,940 Fetching: GET https://oauth.reddit.com/r/test/comments/
2020-02-13 23:52:55,941 Data: None
2020-02-13 23:52:55,942 Params: {'before': None, 'limit': 100, 'raw_json': 1}
2020-02-13 23:52:56,906 https://oauth.reddit.com:443 "GET /r/test/comments/?limit=100&raw_json=1 HTTP/1.1" 200 18648
2020-02-13 23:52:56,921 Response: 200 (18648 bytes)
2020-02-13 23:53:13,472 Fetching: GET https://oauth.reddit.com/r/test/comments/
2020-02-13 23:53:13,472 Data: None
2020-02-13 23:53:13,472 Params: {'before': None, 'limit': 99, 'raw_json': 1}
2020-02-13 23:53:14,622 https://oauth.reddit.com:443 "GET /r/test/comments/?limit=99&raw_json=1 HTTP/1.1" 200 18451
2020-02-13 23:53:14,640 Response: 200 (18451 bytes)
2020-02-13 23:53:31,346 Fetching: GET https://oauth.reddit.com/r/test/comments/
2020-02-13 23:53:31,346 Data: None
2020-02-13 23:53:31,347 Params: {'before': None, 'limit': 98, 'raw_json': 1}
2020-02-13 23:53:32,232 https://oauth.reddit.com:443 "GET /r/test/comments/?limit=98&raw_json=1 HTTP/1.1" 200 18224
2020-02-13 23:53:32,247 Response: 200 (18224 bytes)
2020-02-13 23:53:48,622 Fetching: GET https://oauth.reddit.com/r/test/comments/
2020-02-13 23:53:48,624 Data: None
2020-02-13 23:53:48,625 Params: {'before': None, 'limit': 97, 'raw_json': 1}
2020-02-13 23:53:49,848 https://oauth.reddit.com:443 "GET /r/test/comments/?limit=97&raw_json=1 HTTP/1.1" 200 18122
2020-02-13 23:53:49,866 Response: 200 (18122 bytes)
2020-02-13 23:54:06,466 Fetching: GET https://oauth.reddit.com/r/test/comments/
2020-02-13 23:54:06,466 Data: None
2020-02-13 23:54:06,466 Params: {'before': None, 'limit': 96, 'raw_json': 1}
2020-02-13 23:54:07,469 https://oauth.reddit.com:443 "GET /r/test/comments/?limit=96&raw_json=1 HTTP/1.1" 200 17882
2020-02-13 23:54:07,482 Response: 200 (17882 bytes)
