2020-02-12 03:37:46,772 George is listening now!
2020-02-12 03:37:46,772 Fetching: GET https://oauth.reddit.com/r/test/new
2020-02-12 03:37:46,772 Data: None
2020-02-12 03:37:46,773 Params: {'before': None, 'limit': 100, 'raw_json': 1}
2020-02-12 03:37:46,775 Starting new HTTPS connection (1): www.reddit.com:443
2020-02-12 03:37:47,938 https://www.reddit.com:443 "POST /api/v1/access_token HTTP/1.1" 200 118
2020-02-12 03:37:47,946 Starting new HTTPS connection (1): oauth.reddit.com:443
2020-02-12 03:37:49,733 https://oauth.reddit.com:443 "GET /r/test/new?limit=100&raw_json=1 HTTP/1.1" 200 65786
2020-02-12 03:37:50,062 Response: 200 (65786 bytes)
2020-02-12 03:37:50,104 Fetching: GET https://oauth.reddit.com/r/test/comments/
2020-02-12 03:37:50,104 Data: None
2020-02-12 03:37:50,104 Params: {'before': None, 'limit': 100, 'raw_json': 1}
2020-02-12 03:37:50,105 Sleeping: 0.52 seconds prior to call
2020-02-12 03:37:51,491 https://oauth.reddit.com:443 "GET /r/test/comments/?limit=100&raw_json=1 HTTP/1.1" 200 15617
2020-02-12 03:37:51,497 Response: 200 (15617 bytes)
2020-02-12 03:37:51,541 giphy search started for type: stickers and text: lime
2020-02-12 03:37:51,541 https://api.giphy.com/v1/stickers/search?api_key=vNtiE6s0fhNVBdiITvE9ycDMQkyY4F6q&limit=1&q=lime
2020-02-12 03:37:51,543 Starting new HTTPS connection (1): api.giphy.com:443
2020-02-12 03:37:52,462 https://api.giphy.com:443 "GET /v1/stickers/search?api_key=vNtiE6s0fhNVBdiITvE9ycDMQkyY4F6q&limit=1&q=lime HTTP/1.1" 200 1334
2020-02-12 03:37:52,469 New Reply: {"title": "i love you heart Sticker by Simon Falk", "url": "https://giphy.com/stickers/love-heart-fs6rgAOL2KNqqB2ztK"}
2020-02-12 03:37:52,470 Fetching: POST https://oauth.reddit.com/api/comment/
2020-02-12 03:37:52,470 Data: [('api_type', 'json'), ('text', '[i love you heart Sticker by Simon Falk](https://giphy.com/stickers/love-heart-fs6rgAOL2KNqqB2ztK)\n\n  '), ('thing_id', 't1_fhc9ctq')]
2020-02-12 03:37:52,470 Params: {'raw_json': 1}
2020-02-12 03:37:53,044 https://oauth.reddit.com:443 "POST /api/comment/?raw_json=1 HTTP/1.1" 200 843
2020-02-12 03:37:53,046 Response: 200 (843 bytes)
2020-02-12 03:38:03,051 Fetching: GET https://oauth.reddit.com/r/test/comments/
2020-02-12 03:38:03,051 Data: None
2020-02-12 03:38:03,051 Params: {'before': 't1_fhc9ctq', 'limit': 100, 'raw_json': 1}
2020-02-12 03:38:03,450 https://oauth.reddit.com:443 "GET /r/test/comments/?before=t1_fhc9ctq&limit=100&raw_json=1 HTTP/1.1" 200 939
2020-02-12 03:38:03,453 Response: 200 (939 bytes)
2020-02-12 03:38:03,456 Fetching: GET https://oauth.reddit.com/r/test/comments/
2020-02-12 03:38:03,456 Data: None
2020-02-12 03:38:03,457 Params: {'before': 't1_fhc9fhj', 'limit': 100, 'raw_json': 1}
2020-02-12 03:38:03,457 Sleeping: 0.50 seconds prior to call
2020-02-12 03:38:04,319 https://oauth.reddit.com:443 "GET /r/test/comments/?before=t1_fhc9fhj&limit=100&raw_json=1 HTTP/1.1" 200 104
2020-02-12 03:38:04,320 Response: 200 (104 bytes)
2020-02-12 03:38:05,352 Fetching: GET https://oauth.reddit.com/r/test/comments/
2020-02-12 03:38:05,352 Data: None
2020-02-12 03:38:05,352 Params: {'before': None, 'limit': 99, 'raw_json': 1}
2020-02-12 03:38:06,297 https://oauth.reddit.com:443 "GET /r/test/comments/?limit=99&raw_json=1 HTTP/1.1" 200 15644
2020-02-12 03:38:06,302 Response: 200 (15644 bytes)
2020-02-12 03:38:08,361 Fetching: GET https://oauth.reddit.com/r/test/comments/
2020-02-12 03:38:08,362 Data: None
2020-02-12 03:38:08,362 Params: {'before': None, 'limit': 98, 'raw_json': 1}
2020-02-12 03:38:09,255 https://oauth.reddit.com:443 "GET /r/test/comments/?limit=98&raw_json=1 HTTP/1.1" 200 15594
2020-02-12 03:38:09,262 Response: 200 (15594 bytes)
2020-02-12 03:38:13,416 Fetching: GET https://oauth.reddit.com/r/test/comments/
2020-02-12 03:38:13,417 Data: None
2020-02-12 03:38:13,417 Params: {'before': None, 'limit': 97, 'raw_json': 1}
2020-02-12 03:38:14,303 https://oauth.reddit.com:443 "GET /r/test/comments/?limit=97&raw_json=1 HTTP/1.1" 200 15554
2020-02-12 03:38:14,309 Response: 200 (15554 bytes)
2020-02-12 03:38:22,563 Fetching: GET https://oauth.reddit.com/r/test/comments/
2020-02-12 03:38:22,563 Data: None
2020-02-12 03:38:22,563 Params: {'before': None, 'limit': 96, 'raw_json': 1}
2020-02-12 03:38:23,747 https://oauth.reddit.com:443 "GET /r/test/comments/?limit=96&raw_json=1 HTTP/1.1" 200 15514
2020-02-12 03:38:23,753 Response: 200 (15514 bytes)
2020-02-12 03:38:39,423 Fetching: GET https://oauth.reddit.com/r/test/comments/
2020-02-12 03:38:39,423 Data: None
2020-02-12 03:38:39,424 Params: {'before': None, 'limit': 95, 'raw_json': 1}
2020-02-12 03:38:40,329 https://oauth.reddit.com:443 "GET /r/test/comments/?limit=95&raw_json=1 HTTP/1.1" 200 15471
2020-02-12 03:38:40,337 Response: 200 (15471 bytes)
2020-02-12 03:38:56,413 Fetching: GET https://oauth.reddit.com/r/test/comments/
2020-02-12 03:38:56,414 Data: None
2020-02-12 03:38:56,414 Params: {'before': None, 'limit': 94, 'raw_json': 1}
2020-02-12 03:38:57,261 https://oauth.reddit.com:443 "GET /r/test/comments/?limit=94&raw_json=1 HTTP/1.1" 200 15425
2020-02-12 03:38:57,269 Response: 200 (15425 bytes)
2020-02-12 03:39:13,651 Fetching: GET https://oauth.reddit.com/r/test/comments/
2020-02-12 03:39:13,651 Data: None
2020-02-12 03:39:13,651 Params: {'before': None, 'limit': 93, 'raw_json': 1}
2020-02-12 03:39:14,496 https://oauth.reddit.com:443 "GET /r/test/comments/?limit=93&raw_json=1 HTTP/1.1" 200 15376
2020-02-12 03:39:14,501 Response: 200 (15376 bytes)
2020-02-12 03:39:30,584 Fetching: GET https://oauth.reddit.com/r/test/comments/
2020-02-12 03:39:30,585 Data: None
2020-02-12 03:39:30,585 Params: {'before': None, 'limit': 92, 'raw_json': 1}
2020-02-12 03:39:31,671 https://oauth.reddit.com:443 "GET /r/test/comments/?limit=92&raw_json=1 HTTP/1.1" 200 15248
2020-02-12 03:39:31,680 Response: 200 (15248 bytes)
2020-02-12 03:39:47,338 Fetching: GET https://oauth.reddit.com/r/test/comments/
2020-02-12 03:39:47,339 Data: None
2020-02-12 03:39:47,339 Params: {'before': None, 'limit': 91, 'raw_json': 1}
2020-02-12 03:39:48,167 https://oauth.reddit.com:443 "GET /r/test/comments/?limit=91&raw_json=1 HTTP/1.1" 200 15105
2020-02-12 03:39:48,170 Response: 200 (15105 bytes)
2020-02-12 03:40:03,919 Fetching: GET https://oauth.reddit.com/r/test/comments/
2020-02-12 03:40:03,919 Data: None
2020-02-12 03:40:03,919 Params: {'before': None, 'limit': 90, 'raw_json': 1}
2020-02-12 03:40:04,808 https://oauth.reddit.com:443 "GET /r/test/comments/?limit=90&raw_json=1 HTTP/1.1" 200 14930
2020-02-12 03:40:04,812 Response: 200 (14930 bytes)
2020-02-12 03:40:21,270 Fetching: GET https://oauth.reddit.com/r/test/comments/
2020-02-12 03:40:21,271 Data: None
2020-02-12 03:40:21,271 Params: {'before': None, 'limit': 89, 'raw_json': 1}
2020-02-12 03:40:22,187 https://oauth.reddit.com:443 "GET /r/test/comments/?limit=89&raw_json=1 HTTP/1.1" 200 14794
2020-02-12 03:40:22,193 Response: 200 (14794 bytes)
2020-02-12 03:40:38,370 Fetching: GET https://oauth.reddit.com/r/test/comments/
2020-02-12 03:40:38,371 Data: None
2020-02-12 03:40:38,371 Params: {'before': None, 'limit': 88, 'raw_json': 1}
2020-02-12 03:40:39,248 https://oauth.reddit.com:443 "GET /r/test/comments/?limit=88&raw_json=1 HTTP/1.1" 200 14681
2020-02-12 03:40:39,253 Response: 200 (14681 bytes)
2020-02-12 03:40:55,687 Fetching: GET https://oauth.reddit.com/r/test/comments/
2020-02-12 03:40:55,687 Data: None
2020-02-12 03:40:55,687 Params: {'before': None, 'limit': 87, 'raw_json': 1}
2020-02-12 03:40:56,504 https://oauth.reddit.com:443 "GET /r/test/comments/?limit=87&raw_json=1 HTTP/1.1" 200 14598
2020-02-12 03:40:56,506 Response: 200 (14598 bytes)
2020-02-12 03:41:12,915 Fetching: GET https://oauth.reddit.com/r/test/comments/
2020-02-12 03:41:12,916 Data: None
2020-02-12 03:41:12,916 Params: {'before': None, 'limit': 86, 'raw_json': 1}
2020-02-12 03:41:13,771 https://oauth.reddit.com:443 "GET /r/test/comments/?limit=86&raw_json=1 HTTP/1.1" 200 14500
2020-02-12 03:41:13,780 Response: 200 (14500 bytes)
2020-02-12 03:41:29,344 Fetching: GET https://oauth.reddit.com/r/test/comments/
2020-02-12 03:41:29,344 Data: None
2020-02-12 03:41:29,345 Params: {'before': None, 'limit': 85, 'raw_json': 1}
2020-02-12 03:41:30,106 https://oauth.reddit.com:443 "GET /r/test/comments/?limit=85&raw_json=1 HTTP/1.1" 200 14405
2020-02-12 03:41:30,111 Response: 200 (14405 bytes)
2020-02-12 03:41:45,700 Fetching: GET https://oauth.reddit.com/r/test/comments/
2020-02-12 03:41:45,701 Data: None
2020-02-12 03:41:45,701 Params: {'before': None, 'limit': 84, 'raw_json': 1}
2020-02-12 03:41:46,564 https://oauth.reddit.com:443 "GET /r/test/comments/?limit=84&raw_json=1 HTTP/1.1" 200 14258
2020-02-12 03:41:46,569 Response: 200 (14258 bytes)
2020-02-12 03:42:02,527 Fetching: GET https://oauth.reddit.com/r/test/comments/
2020-02-12 03:42:02,528 Data: None
2020-02-12 03:42:02,528 Params: {'before': None, 'limit': 83, 'raw_json': 1}
2020-02-12 03:42:03,209 https://oauth.reddit.com:443 "GET /r/test/comments/?limit=83&raw_json=1 HTTP/1.1" 200 14117
2020-02-12 03:42:03,217 Response: 200 (14117 bytes)
2020-02-12 03:42:18,959 Fetching: GET https://oauth.reddit.com/r/test/comments/
2020-02-12 03:42:18,959 Data: None
2020-02-12 03:42:18,960 Params: {'before': None, 'limit': 82, 'raw_json': 1}
2020-02-12 03:42:19,824 https://oauth.reddit.com:443 "GET /r/test/comments/?limit=82&raw_json=1 HTTP/1.1" 200 14060
2020-02-12 03:42:19,830 Response: 200 (14060 bytes)
2020-02-12 03:42:36,359 Fetching: GET https://oauth.reddit.com/r/test/comments/
2020-02-12 03:42:36,360 Data: None
2020-02-12 03:42:36,360 Params: {'before': None, 'limit': 81, 'raw_json': 1}
2020-02-12 03:42:37,137 https://oauth.reddit.com:443 "GET /r/test/comments/?limit=81&raw_json=1 HTTP/1.1" 200 13965
2020-02-12 03:42:37,143 Response: 200 (13965 bytes)
2020-02-12 03:42:52,826 Fetching: GET https://oauth.reddit.com/r/test/comments/
2020-02-12 03:42:52,826 Data: None
2020-02-12 03:42:52,826 Params: {'before': None, 'limit': 80, 'raw_json': 1}
2020-02-12 03:42:53,599 https://oauth.reddit.com:443 "GET /r/test/comments/?limit=80&raw_json=1 HTTP/1.1" 200 13883
2020-02-12 03:42:53,604 Response: 200 (13883 bytes)
2020-02-12 03:43:09,521 Fetching: GET https://oauth.reddit.com/r/test/comments/
2020-02-12 03:43:09,522 Data: None
2020-02-12 03:43:09,522 Params: {'before': None, 'limit': 79, 'raw_json': 1}
2020-02-12 03:43:10,216 https://oauth.reddit.com:443 "GET /r/test/comments/?limit=79&raw_json=1 HTTP/1.1" 200 13747
2020-02-12 03:43:10,222 Response: 200 (13747 bytes)
2020-02-12 03:43:26,268 Fetching: GET https://oauth.reddit.com/r/test/comments/
2020-02-12 03:43:26,268 Data: None
2020-02-12 03:43:26,269 Params: {'before': None, 'limit': 78, 'raw_json': 1}
2020-02-12 03:43:28,130 https://oauth.reddit.com:443 "GET /r/test/comments/?limit=78&raw_json=1 HTTP/1.1" 200 13693
2020-02-12 03:43:28,135 Response: 200 (13693 bytes)
2020-02-12 03:43:43,957 Fetching: GET https://oauth.reddit.com/r/test/comments/
2020-02-12 03:43:43,958 Data: None
2020-02-12 03:43:43,958 Params: {'before': None, 'limit': 77, 'raw_json': 1}
2020-02-12 03:43:44,660 https://oauth.reddit.com:443 "GET /r/test/comments/?limit=77&raw_json=1 HTTP/1.1" 200 13627
2020-02-12 03:43:44,665 Response: 200 (13627 bytes)
2020-02-12 03:44:00,577 Fetching: GET https://oauth.reddit.com/r/test/comments/
2020-02-12 03:44:00,578 Data: None
2020-02-12 03:44:00,578 Params: {'before': None, 'limit': 76, 'raw_json': 1}
2020-02-12 03:44:01,368 https://oauth.reddit.com:443 "GET /r/test/comments/?limit=76&raw_json=1 HTTP/1.1" 200 13519
2020-02-12 03:44:01,373 Response: 200 (13519 bytes)
2020-02-12 03:44:17,519 Fetching: GET https://oauth.reddit.com/r/test/comments/
2020-02-12 03:44:17,519 Data: None
2020-02-12 03:44:17,519 Params: {'before': None, 'limit': 75, 'raw_json': 1}
2020-02-12 03:44:18,165 https://oauth.reddit.com:443 "GET /r/test/comments/?limit=75&raw_json=1 HTTP/1.1" 200 12894
2020-02-12 03:44:18,209 Response: 200 (12894 bytes)
2020-02-12 03:44:33,858 Fetching: GET https://oauth.reddit.com/r/test/comments/
2020-02-12 03:44:33,858 Data: None
2020-02-12 03:44:33,858 Params: {'before': None, 'limit': 74, 'raw_json': 1}
2020-02-12 03:44:34,577 https://oauth.reddit.com:443 "GET /r/test/comments/?limit=74&raw_json=1 HTTP/1.1" 200 12813
2020-02-12 03:44:34,581 Response: 200 (12813 bytes)
2020-02-12 03:44:50,872 Fetching: GET https://oauth.reddit.com/r/test/comments/
2020-02-12 03:44:50,872 Data: None
2020-02-12 03:44:50,872 Params: {'before': None, 'limit': 73, 'raw_json': 1}
2020-02-12 03:44:51,966 https://oauth.reddit.com:443 "GET /r/test/comments/?limit=73&raw_json=1 HTTP/1.1" 200 12722
2020-02-12 03:44:51,969 Response: 200 (12722 bytes)
2020-02-12 03:45:08,148 Fetching: GET https://oauth.reddit.com/r/test/comments/
2020-02-12 03:45:08,149 Data: None
2020-02-12 03:45:08,149 Params: {'before': None, 'limit': 72, 'raw_json': 1}
2020-02-12 03:45:08,841 https://oauth.reddit.com:443 "GET /r/test/comments/?limit=72&raw_json=1 HTTP/1.1" 200 11884
2020-02-12 03:45:08,843 Response: 200 (11884 bytes)
2020-02-12 03:45:25,222 Fetching: GET https://oauth.reddit.com/r/test/comments/
2020-02-12 03:45:25,222 Data: None
2020-02-12 03:45:25,222 Params: {'before': None, 'limit': 71, 'raw_json': 1}
2020-02-12 03:45:25,958 https://oauth.reddit.com:443 "GET /r/test/comments/?limit=71&raw_json=1 HTTP/1.1" 200 11787
2020-02-12 03:45:25,963 Response: 200 (11787 bytes)
2020-02-12 03:45:42,466 Fetching: GET https://oauth.reddit.com/r/test/comments/
2020-02-12 03:45:42,467 Data: None
2020-02-12 03:45:42,467 Params: {'before': None, 'limit': 100, 'raw_json': 1}
2020-02-12 03:45:43,308 https://oauth.reddit.com:443 "GET /r/test/comments/?limit=100&raw_json=1 HTTP/1.1" 200 15692
2020-02-12 03:45:43,311 Response: 200 (15692 bytes)
2020-02-12 03:45:59,511 Fetching: GET https://oauth.reddit.com/r/test/comments/
2020-02-12 03:45:59,511 Data: None
2020-02-12 03:45:59,511 Params: {'before': None, 'limit': 99, 'raw_json': 1}
2020-02-12 03:46:00,507 https://oauth.reddit.com:443 "GET /r/test/comments/?limit=99&raw_json=1 HTTP/1.1" 200 15644
2020-02-12 03:46:00,513 Response: 200 (15644 bytes)
2020-02-12 03:46:16,444 Fetching: GET https://oauth.reddit.com/r/test/comments/
2020-02-12 03:46:16,445 Data: None
2020-02-12 03:46:16,445 Params: {'before': None, 'limit': 98, 'raw_json': 1}
2020-02-12 03:46:17,266 https://oauth.reddit.com:443 "GET /r/test/comments/?limit=98&raw_json=1 HTTP/1.1" 200 15594
2020-02-12 03:46:17,274 Response: 200 (15594 bytes)
2020-02-12 03:46:32,844 Fetching: GET https://oauth.reddit.com/r/test/comments/
2020-02-12 03:46:32,844 Data: None
2020-02-12 03:46:32,844 Params: {'before': None, 'limit': 97, 'raw_json': 1}
2020-02-12 03:46:33,760 https://oauth.reddit.com:443 "GET /r/test/comments/?limit=97&raw_json=1 HTTP/1.1" 200 15554
2020-02-12 03:46:33,767 Response: 200 (15554 bytes)
2020-02-12 03:46:49,849 Fetching: GET https://oauth.reddit.com/r/test/comments/
2020-02-12 03:46:49,849 Data: None
2020-02-12 03:46:49,849 Params: {'before': None, 'limit': 96, 'raw_json': 1}
2020-02-12 03:46:50,611 https://oauth.reddit.com:443 "GET /r/test/comments/?limit=96&raw_json=1 HTTP/1.1" 200 15514
2020-02-12 03:46:50,615 Response: 200 (15514 bytes)
2020-02-12 03:47:06,491 Fetching: GET https://oauth.reddit.com/r/test/comments/
2020-02-12 03:47:06,491 Data: None
2020-02-12 03:47:06,491 Params: {'before': None, 'limit': 95, 'raw_json': 1}
2020-02-12 03:47:07,507 https://oauth.reddit.com:443 "GET /r/test/comments/?limit=95&raw_json=1 HTTP/1.1" 200 15471
2020-02-12 03:47:07,525 Response: 200 (15471 bytes)
2020-02-12 03:47:23,440 Fetching: GET https://oauth.reddit.com/r/test/comments/
2020-02-12 03:47:23,441 Data: None
2020-02-12 03:47:23,442 Params: {'before': None, 'limit': 94, 'raw_json': 1}
2020-02-12 03:47:24,348 https://oauth.reddit.com:443 "GET /r/test/comments/?limit=94&raw_json=1 HTTP/1.1" 200 15425
2020-02-12 03:47:24,354 Response: 200 (15425 bytes)
2020-02-12 03:47:40,519 Fetching: GET https://oauth.reddit.com/r/test/comments/
2020-02-12 03:47:40,519 Data: None
2020-02-12 03:47:40,519 Params: {'before': None, 'limit': 93, 'raw_json': 1}
2020-02-12 03:47:41,537 https://oauth.reddit.com:443 "GET /r/test/comments/?limit=93&raw_json=1 HTTP/1.1" 200 15376
2020-02-12 03:47:41,541 Response: 200 (15376 bytes)
2020-02-12 03:47:57,265 Fetching: GET https://oauth.reddit.com/r/test/comments/
2020-02-12 03:47:57,265 Data: None
2020-02-12 03:47:57,265 Params: {'before': None, 'limit': 92, 'raw_json': 1}
2020-02-12 03:47:58,744 https://oauth.reddit.com:443 "GET /r/test/comments/?limit=92&raw_json=1 HTTP/1.1" 200 15248
2020-02-12 03:47:58,749 Response: 200 (15248 bytes)
2020-02-12 03:48:14,778 Fetching: GET https://oauth.reddit.com/r/test/comments/
2020-02-12 03:48:14,779 Data: None
2020-02-12 03:48:14,779 Params: {'before': None, 'limit': 91, 'raw_json': 1}
2020-02-12 03:48:15,682 https://oauth.reddit.com:443 "GET /r/test/comments/?limit=91&raw_json=1 HTTP/1.1" 200 15105
2020-02-12 03:48:15,684 Response: 200 (15105 bytes)
2020-02-12 03:48:31,976 Fetching: GET https://oauth.reddit.com/r/test/comments/
2020-02-12 03:48:31,977 Data: None
2020-02-12 03:48:31,977 Params: {'before': None, 'limit': 90, 'raw_json': 1}
2020-02-12 03:48:32,816 https://oauth.reddit.com:443 "GET /r/test/comments/?limit=90&raw_json=1 HTTP/1.1" 200 14930
2020-02-12 03:48:32,826 Response: 200 (14930 bytes)
2020-02-12 03:48:48,929 Fetching: GET https://oauth.reddit.com/r/test/comments/
2020-02-12 03:48:48,929 Data: None
2020-02-12 03:48:48,929 Params: {'before': None, 'limit': 89, 'raw_json': 1}
2020-02-12 03:48:50,664 https://oauth.reddit.com:443 "GET /r/test/comments/?limit=89&raw_json=1 HTTP/1.1" 200 14794
2020-02-12 03:48:50,670 Response: 200 (14794 bytes)
2020-02-12 03:49:06,304 Fetching: GET https://oauth.reddit.com/r/test/comments/
2020-02-12 03:49:06,304 Data: None
2020-02-12 03:49:06,305 Params: {'before': None, 'limit': 88, 'raw_json': 1}
2020-02-12 03:49:07,319 https://oauth.reddit.com:443 "GET /r/test/comments/?limit=88&raw_json=1 HTTP/1.1" 200 14696
2020-02-12 03:49:07,326 Response: 200 (14696 bytes)
2020-02-12 03:49:23,463 Fetching: GET https://oauth.reddit.com/r/test/comments/
2020-02-12 03:49:23,463 Data: None
2020-02-12 03:49:23,463 Params: {'before': None, 'limit': 87, 'raw_json': 1}
2020-02-12 03:49:24,402 https://oauth.reddit.com:443 "GET /r/test/comments/?limit=87&raw_json=1 HTTP/1.1" 200 14613
2020-02-12 03:49:24,407 Response: 200 (14613 bytes)
2020-02-12 03:49:40,762 Fetching: GET https://oauth.reddit.com/r/test/comments/
2020-02-12 03:49:40,763 Data: None
2020-02-12 03:49:40,763 Params: {'before': None, 'limit': 86, 'raw_json': 1}
2020-02-12 03:49:41,676 https://oauth.reddit.com:443 "GET /r/test/comments/?limit=86&raw_json=1 HTTP/1.1" 200 14515
2020-02-12 03:49:41,680 Response: 200 (14515 bytes)
2020-02-12 03:49:58,049 Fetching: GET https://oauth.reddit.com/r/test/comments/
2020-02-12 03:49:58,050 Data: None
2020-02-12 03:49:58,050 Params: {'before': None, 'limit': 85, 'raw_json': 1}
2020-02-12 03:49:58,842 https://oauth.reddit.com:443 "GET /r/test/comments/?limit=85&raw_json=1 HTTP/1.1" 200 14420
2020-02-12 03:49:58,844 Response: 200 (14420 bytes)
2020-02-12 03:50:14,663 Fetching: GET https://oauth.reddit.com/r/test/comments/
2020-02-12 03:50:14,664 Data: None
2020-02-12 03:50:14,664 Params: {'before': None, 'limit': 84, 'raw_json': 1}
2020-02-12 03:50:15,546 https://oauth.reddit.com:443 "GET /r/test/comments/?limit=84&raw_json=1 HTTP/1.1" 200 14272
2020-02-12 03:50:15,554 Response: 200 (14272 bytes)
2020-02-12 03:50:31,838 Fetching: GET https://oauth.reddit.com/r/test/comments/
2020-02-12 03:50:31,838 Data: None
2020-02-12 03:50:31,839 Params: {'before': None, 'limit': 83, 'raw_json': 1}
2020-02-12 03:50:32,494 https://oauth.reddit.com:443 "GET /r/test/comments/?limit=83&raw_json=1 HTTP/1.1" 200 14131
2020-02-12 03:50:32,498 Response: 200 (14131 bytes)
2020-02-12 03:50:48,833 Fetching: GET https://oauth.reddit.com/r/test/comments/
2020-02-12 03:50:48,834 Data: None
2020-02-12 03:50:48,834 Params: {'before': None, 'limit': 82, 'raw_json': 1}
2020-02-12 03:50:49,628 https://oauth.reddit.com:443 "GET /r/test/comments/?limit=82&raw_json=1 HTTP/1.1" 200 14075
2020-02-12 03:50:49,631 Response: 200 (14075 bytes)
2020-02-12 03:51:06,106 Fetching: GET https://oauth.reddit.com/r/test/comments/
2020-02-12 03:51:06,107 Data: None
2020-02-12 03:51:06,107 Params: {'before': None, 'limit': 81, 'raw_json': 1}
2020-02-12 03:51:06,965 https://oauth.reddit.com:443 "GET /r/test/comments/?limit=81&raw_json=1 HTTP/1.1" 200 13982
2020-02-12 03:51:06,970 Response: 200 (13982 bytes)
2020-02-12 03:51:22,921 Fetching: GET https://oauth.reddit.com/r/test/comments/
2020-02-12 03:51:22,922 Data: None
2020-02-12 03:51:22,922 Params: {'before': None, 'limit': 80, 'raw_json': 1}
2020-02-12 03:51:23,673 https://oauth.reddit.com:443 "GET /r/test/comments/?limit=80&raw_json=1 HTTP/1.1" 200 13899
2020-02-12 03:51:23,678 Response: 200 (13899 bytes)
2020-02-12 03:51:39,715 Fetching: GET https://oauth.reddit.com/r/test/comments/
2020-02-12 03:51:39,716 Data: None
2020-02-12 03:51:39,716 Params: {'before': None, 'limit': 79, 'raw_json': 1}
2020-02-12 03:51:40,447 https://oauth.reddit.com:443 "GET /r/test/comments/?limit=79&raw_json=1 HTTP/1.1" 200 13764
2020-02-12 03:51:40,454 Response: 200 (13764 bytes)
2020-02-12 03:51:56,611 Fetching: GET https://oauth.reddit.com/r/test/comments/
2020-02-12 03:51:56,612 Data: None
2020-02-12 03:51:56,612 Params: {'before': None, 'limit': 78, 'raw_json': 1}
2020-02-12 03:51:57,429 https://oauth.reddit.com:443 "GET /r/test/comments/?limit=78&raw_json=1 HTTP/1.1" 200 13709
2020-02-12 03:51:57,436 Response: 200 (13709 bytes)
2020-02-12 03:52:13,454 Fetching: GET https://oauth.reddit.com/r/test/comments/
2020-02-12 03:52:13,454 Data: None
2020-02-12 03:52:13,454 Params: {'before': None, 'limit': 77, 'raw_json': 1}
2020-02-12 03:52:14,267 https://oauth.reddit.com:443 "GET /r/test/comments/?limit=77&raw_json=1 HTTP/1.1" 200 13299
2020-02-12 03:52:14,275 Response: 200 (13299 bytes)
2020-02-12 03:52:14,312 Fetching: GET https://oauth.reddit.com/r/test/comments/
2020-02-12 03:52:14,312 Data: None
2020-02-12 03:52:14,312 Params: {'before': 't1_fhcavyp', 'limit': 100, 'raw_json': 1}
2020-02-12 03:52:14,312 Sleeping: 0.75 seconds prior to call
2020-02-12 03:52:15,387 https://oauth.reddit.com:443 "GET /r/test/comments/?before=t1_fhcavyp&limit=100&raw_json=1 HTTP/1.1" 200 104
2020-02-12 03:52:15,388 Response: 200 (104 bytes)
2020-02-12 03:52:16,405 Fetching: GET https://oauth.reddit.com/r/test/comments/
2020-02-12 03:52:16,405 Data: None
2020-02-12 03:52:16,406 Params: {'before': None, 'limit': 76, 'raw_json': 1}
2020-02-12 03:52:17,031 https://oauth.reddit.com:443 "GET /r/test/comments/?limit=76&raw_json=1 HTTP/1.1" 200 13218
2020-02-12 03:52:17,039 Response: 200 (13218 bytes)
2020-02-12 03:52:19,026 Fetching: GET https://oauth.reddit.com/r/test/comments/
2020-02-12 03:52:19,027 Data: None
2020-02-12 03:52:19,027 Params: {'before': None, 'limit': 75, 'raw_json': 1}
2020-02-12 03:52:20,801 https://oauth.reddit.com:443 "GET /r/test/comments/?limit=75&raw_json=1 HTTP/1.1" 200 13129
2020-02-12 03:52:20,807 Response: 200 (13129 bytes)
2020-02-12 03:52:24,960 Fetching: GET https://oauth.reddit.com/r/test/comments/
2020-02-12 03:52:24,960 Data: None
2020-02-12 03:52:24,961 Params: {'before': None, 'limit': 74, 'raw_json': 1}
2020-02-12 03:52:25,713 https://oauth.reddit.com:443 "GET /r/test/comments/?limit=74&raw_json=1 HTTP/1.1" 200 12841
2020-02-12 03:52:25,717 Response: 200 (12841 bytes)
2020-02-12 03:52:33,656 Fetching: GET https://oauth.reddit.com/r/test/comments/
2020-02-12 03:52:33,657 Data: None
2020-02-12 03:52:33,657 Params: {'before': None, 'limit': 73, 'raw_json': 1}
2020-02-12 03:52:34,293 https://oauth.reddit.com:443 "GET /r/test/comments/?limit=73&raw_json=1 HTTP/1.1" 200 12000
2020-02-12 03:52:34,302 Response: 200 (12000 bytes)
2020-02-12 03:52:49,965 Fetching: GET https://oauth.reddit.com/r/test/comments/
2020-02-12 03:52:49,965 Data: None
2020-02-12 03:52:49,966 Params: {'before': None, 'limit': 72, 'raw_json': 1}
2020-02-12 03:52:50,657 https://oauth.reddit.com:443 "GET /r/test/comments/?limit=72&raw_json=1 HTTP/1.1" 200 11903
2020-02-12 03:52:50,665 Response: 200 (11903 bytes)
2020-02-12 03:53:06,452 Fetching: GET https://oauth.reddit.com/r/test/comments/
2020-02-12 03:53:06,453 Data: None
2020-02-12 03:53:06,453 Params: {'before': None, 'limit': 71, 'raw_json': 1}
2020-02-12 03:53:07,425 https://oauth.reddit.com:443 "GET /r/test/comments/?limit=71&raw_json=1 HTTP/1.1" 200 11827
2020-02-12 03:53:07,432 Response: 200 (11827 bytes)
2020-02-12 03:53:23,381 Fetching: GET https://oauth.reddit.com/r/test/comments/
2020-02-12 03:53:23,382 Data: None
2020-02-12 03:53:23,382 Params: {'before': None, 'limit': 100, 'raw_json': 1}
2020-02-12 03:53:24,186 https://oauth.reddit.com:443 "GET /r/test/comments/?limit=100&raw_json=1 HTTP/1.1" 200 15761
2020-02-12 03:53:24,192 Response: 200 (15761 bytes)
2020-02-12 03:53:40,526 Fetching: GET https://oauth.reddit.com/r/test/comments/
2020-02-12 03:53:40,526 Data: None
2020-02-12 03:53:40,526 Params: {'before': None, 'limit': 99, 'raw_json': 1}
2020-02-12 03:53:41,385 https://oauth.reddit.com:443 "GET /r/test/comments/?limit=99&raw_json=1 HTTP/1.1" 200 15712
2020-02-12 03:53:41,390 Response: 200 (15712 bytes)
2020-02-12 03:53:57,490 Fetching: GET https://oauth.reddit.com/r/test/comments/
2020-02-12 03:53:57,491 Data: None
2020-02-12 03:53:57,491 Params: {'before': None, 'limit': 98, 'raw_json': 1}
2020-02-12 03:53:58,574 https://oauth.reddit.com:443 "GET /r/test/comments/?limit=98&raw_json=1 HTTP/1.1" 200 15672
2020-02-12 03:53:58,582 Response: 200 (15672 bytes)
2020-02-12 03:54:14,315 Fetching: GET https://oauth.reddit.com/r/test/comments/
2020-02-12 03:54:14,316 Data: None
2020-02-12 03:54:14,317 Params: {'before': None, 'limit': 97, 'raw_json': 1}
2020-02-12 03:54:15,482 https://oauth.reddit.com:443 "GET /r/test/comments/?limit=97&raw_json=1 HTTP/1.1" 200 15631
2020-02-12 03:54:15,490 Response: 200 (15631 bytes)
2020-02-12 03:54:31,681 Fetching: GET https://oauth.reddit.com/r/test/comments/
2020-02-12 03:54:31,682 Data: None
2020-02-12 03:54:31,682 Params: {'before': None, 'limit': 96, 'raw_json': 1}
2020-02-12 03:54:32,680 https://oauth.reddit.com:443 "GET /r/test/comments/?limit=96&raw_json=1 HTTP/1.1" 200 15590
2020-02-12 03:54:32,691 Response: 200 (15590 bytes)
2020-02-12 03:54:48,904 Fetching: GET https://oauth.reddit.com/r/test/comments/
2020-02-12 03:54:48,905 Data: None
2020-02-12 03:54:48,905 Params: {'before': None, 'limit': 95, 'raw_json': 1}
2020-02-12 03:54:50,718 https://oauth.reddit.com:443 "GET /r/test/comments/?limit=95&raw_json=1 HTTP/1.1" 200 15543
2020-02-12 03:54:50,725 Response: 200 (15543 bytes)
2020-02-12 03:55:06,972 Fetching: GET https://oauth.reddit.com/r/test/comments/
2020-02-12 03:55:06,973 Data: None
2020-02-12 03:55:06,973 Params: {'before': None, 'limit': 94, 'raw_json': 1}
2020-02-12 03:55:07,833 https://oauth.reddit.com:443 "GET /r/test/comments/?limit=94&raw_json=1 HTTP/1.1" 200 15495
2020-02-12 03:55:07,839 Response: 200 (15495 bytes)
2020-02-12 03:55:24,305 Fetching: GET https://oauth.reddit.com/r/test/comments/
2020-02-12 03:55:24,306 Data: None
2020-02-12 03:55:24,306 Params: {'before': None, 'limit': 93, 'raw_json': 1}
2020-02-12 03:55:25,283 https://oauth.reddit.com:443 "GET /r/test/comments/?limit=93&raw_json=1 HTTP/1.1" 200 15366
2020-02-12 03:55:25,289 Response: 200 (15366 bytes)
2020-02-12 03:55:40,851 Fetching: GET https://oauth.reddit.com/r/test/comments/
2020-02-12 03:55:40,852 Data: None
2020-02-12 03:55:40,852 Params: {'before': None, 'limit': 92, 'raw_json': 1}
2020-02-12 03:55:41,674 https://oauth.reddit.com:443 "GET /r/test/comments/?limit=92&raw_json=1 HTTP/1.1" 200 15222
2020-02-12 03:55:41,682 Response: 200 (15222 bytes)
2020-02-12 03:55:57,617 Fetching: GET https://oauth.reddit.com/r/test/comments/
2020-02-12 03:55:57,618 Data: None
2020-02-12 03:55:57,618 Params: {'before': None, 'limit': 91, 'raw_json': 1}
2020-02-12 03:55:58,442 https://oauth.reddit.com:443 "GET /r/test/comments/?limit=91&raw_json=1 HTTP/1.1" 200 15047
2020-02-12 03:55:58,447 Response: 200 (15047 bytes)
2020-02-12 03:56:14,890 Fetching: GET https://oauth.reddit.com/r/test/comments/
2020-02-12 03:56:14,890 Data: None
2020-02-12 03:56:14,890 Params: {'before': None, 'limit': 90, 'raw_json': 1}
2020-02-12 03:56:15,721 https://oauth.reddit.com:443 "GET /r/test/comments/?limit=90&raw_json=1 HTTP/1.1" 200 14908
2020-02-12 03:56:15,729 Response: 200 (14908 bytes)
2020-02-12 03:56:31,662 Fetching: GET https://oauth.reddit.com/r/test/comments/
2020-02-12 03:56:31,662 Data: None
2020-02-12 03:56:31,663 Params: {'before': None, 'limit': 89, 'raw_json': 1}
2020-02-12 03:56:32,557 https://oauth.reddit.com:443 "GET /r/test/comments/?limit=89&raw_json=1 HTTP/1.1" 200 14797
2020-02-12 03:56:32,562 Response: 200 (14797 bytes)
2020-02-12 03:56:48,754 Fetching: GET https://oauth.reddit.com/r/test/comments/
2020-02-12 03:56:48,755 Data: None
2020-02-12 03:56:48,755 Params: {'before': None, 'limit': 88, 'raw_json': 1}
2020-02-12 03:56:49,775 https://oauth.reddit.com:443 "GET /r/test/comments/?limit=88&raw_json=1 HTTP/1.1" 200 14714
2020-02-12 03:56:49,780 Response: 200 (14714 bytes)
2020-02-12 03:57:05,750 Fetching: GET https://oauth.reddit.com/r/test/comments/
2020-02-12 03:57:05,750 Data: None
2020-02-12 03:57:05,750 Params: {'before': None, 'limit': 87, 'raw_json': 1}
2020-02-12 03:57:06,591 https://oauth.reddit.com:443 "GET /r/test/comments/?limit=87&raw_json=1 HTTP/1.1" 200 14614
2020-02-12 03:57:06,599 Response: 200 (14614 bytes)
2020-02-12 03:57:22,227 Fetching: GET https://oauth.reddit.com/r/test/comments/
2020-02-12 03:57:22,228 Data: None
2020-02-12 03:57:22,228 Params: {'before': None, 'limit': 86, 'raw_json': 1}
2020-02-12 03:57:23,031 https://oauth.reddit.com:443 "GET /r/test/comments/?limit=86&raw_json=1 HTTP/1.1" 200 14521
2020-02-12 03:57:23,038 Response: 200 (14521 bytes)
2020-02-12 03:57:39,086 Fetching: GET https://oauth.reddit.com/r/test/comments/
2020-02-12 03:57:39,087 Data: None
2020-02-12 03:57:39,087 Params: {'before': None, 'limit': 85, 'raw_json': 1}
2020-02-12 03:57:39,897 https://oauth.reddit.com:443 "GET /r/test/comments/?limit=85&raw_json=1 HTTP/1.1" 200 14374
2020-02-12 03:57:39,903 Response: 200 (14374 bytes)
2020-02-12 03:57:55,695 Fetching: GET https://oauth.reddit.com/r/test/comments/
2020-02-12 03:57:55,696 Data: None
2020-02-12 03:57:55,696 Params: {'before': None, 'limit': 84, 'raw_json': 1}
2020-02-12 03:57:56,754 https://oauth.reddit.com:443 "GET /r/test/comments/?limit=84&raw_json=1 HTTP/1.1" 200 14233
2020-02-12 03:57:56,761 Response: 200 (14233 bytes)
2020-02-12 03:58:12,762 Fetching: GET https://oauth.reddit.com/r/test/comments/
2020-02-12 03:58:12,763 Data: None
2020-02-12 03:58:12,763 Params: {'before': None, 'limit': 83, 'raw_json': 1}
2020-02-12 03:58:13,552 https://oauth.reddit.com:443 "GET /r/test/comments/?limit=83&raw_json=1 HTTP/1.1" 200 14177
2020-02-12 03:58:13,561 Response: 200 (14177 bytes)
2020-02-12 03:58:29,443 Fetching: GET https://oauth.reddit.com/r/test/comments/
2020-02-12 03:58:29,444 Data: None
2020-02-12 03:58:29,444 Params: {'before': None, 'limit': 82, 'raw_json': 1}
2020-02-12 03:58:30,160 https://oauth.reddit.com:443 "GET /r/test/comments/?limit=82&raw_json=1 HTTP/1.1" 200 14081
2020-02-12 03:58:30,162 Response: 200 (14081 bytes)
2020-02-12 03:58:45,998 Fetching: GET https://oauth.reddit.com/r/test/comments/
2020-02-12 03:58:45,998 Data: None
2020-02-12 03:58:45,999 Params: {'before': None, 'limit': 81, 'raw_json': 1}
2020-02-12 03:58:46,859 https://oauth.reddit.com:443 "GET /r/test/comments/?limit=81&raw_json=1 HTTP/1.1" 200 13999
2020-02-12 03:58:46,867 Response: 200 (13999 bytes)
2020-02-12 03:59:02,540 Fetching: GET https://oauth.reddit.com/r/test/comments/
2020-02-12 03:59:02,541 Data: None
2020-02-12 03:59:02,541 Params: {'before': None, 'limit': 80, 'raw_json': 1}
2020-02-12 03:59:03,347 https://oauth.reddit.com:443 "GET /r/test/comments/?limit=80&raw_json=1 HTTP/1.1" 200 13862
2020-02-12 03:59:03,352 Response: 200 (13862 bytes)
2020-02-12 03:59:19,046 Fetching: GET https://oauth.reddit.com/r/test/comments/
2020-02-12 03:59:19,046 Data: None
2020-02-12 03:59:19,046 Params: {'before': None, 'limit': 79, 'raw_json': 1}
2020-02-12 03:59:19,736 https://oauth.reddit.com:443 "GET /r/test/comments/?limit=79&raw_json=1 HTTP/1.1" 200 13809
2020-02-12 03:59:19,741 Response: 200 (13809 bytes)
2020-02-12 03:59:35,437 Fetching: GET https://oauth.reddit.com/r/test/comments/
2020-02-12 03:59:35,437 Data: None
2020-02-12 03:59:35,438 Params: {'before': None, 'limit': 78, 'raw_json': 1}
2020-02-12 03:59:36,151 https://oauth.reddit.com:443 "GET /r/test/comments/?limit=78&raw_json=1 HTTP/1.1" 200 13742
2020-02-12 03:59:36,160 Response: 200 (13742 bytes)
2020-02-12 03:59:52,058 Fetching: GET https://oauth.reddit.com/r/test/comments/
2020-02-12 03:59:52,059 Data: None
2020-02-12 03:59:52,059 Params: {'before': None, 'limit': 77, 'raw_json': 1}
2020-02-12 03:59:52,735 https://oauth.reddit.com:443 "GET /r/test/comments/?limit=77&raw_json=1 HTTP/1.1" 200 13631
2020-02-12 03:59:52,739 Response: 200 (13631 bytes)
2020-02-12 04:00:08,799 Fetching: GET https://oauth.reddit.com/r/test/comments/
2020-02-12 04:00:08,800 Data: None
2020-02-12 04:00:08,800 Params: {'before': None, 'limit': 76, 'raw_json': 1}
2020-02-12 04:00:09,527 https://oauth.reddit.com:443 "GET /r/test/comments/?limit=76&raw_json=1 HTTP/1.1" 200 13008
2020-02-12 04:00:09,531 Response: 200 (13008 bytes)
2020-02-12 04:00:25,356 Fetching: GET https://oauth.reddit.com/r/test/comments/
2020-02-12 04:00:25,357 Data: None
2020-02-12 04:00:25,357 Params: {'before': None, 'limit': 75, 'raw_json': 1}
2020-02-12 04:00:26,096 https://oauth.reddit.com:443 "GET /r/test/comments/?limit=75&raw_json=1 HTTP/1.1" 200 12927
2020-02-12 04:00:26,103 Response: 200 (12927 bytes)
2020-02-12 04:00:42,386 Fetching: GET https://oauth.reddit.com/r/test/comments/
2020-02-12 04:00:42,387 Data: None
2020-02-12 04:00:42,387 Params: {'before': None, 'limit': 74, 'raw_json': 1}
2020-02-12 04:00:43,029 https://oauth.reddit.com:443 "GET /r/test/comments/?limit=74&raw_json=1 HTTP/1.1" 200 12837
2020-02-12 04:00:43,034 Response: 200 (12837 bytes)
2020-02-12 04:00:59,292 Fetching: GET https://oauth.reddit.com/r/test/comments/
2020-02-12 04:00:59,293 Data: None
2020-02-12 04:00:59,293 Params: {'before': None, 'limit': 73, 'raw_json': 1}
2020-02-12 04:00:59,978 https://oauth.reddit.com:443 "GET /r/test/comments/?limit=73&raw_json=1 HTTP/1.1" 200 11999
2020-02-12 04:00:59,981 Response: 200 (11999 bytes)
2020-02-12 04:01:15,999 Fetching: GET https://oauth.reddit.com/r/test/comments/
2020-02-12 04:01:15,999 Data: None
2020-02-12 04:01:16,000 Params: {'before': None, 'limit': 72, 'raw_json': 1}
2020-02-12 04:01:16,816 https://oauth.reddit.com:443 "GET /r/test/comments/?limit=72&raw_json=1 HTTP/1.1" 200 11902
2020-02-12 04:01:16,821 Response: 200 (11902 bytes)
2020-02-12 04:01:32,771 Fetching: GET https://oauth.reddit.com/r/test/comments/
2020-02-12 04:01:32,772 Data: None
2020-02-12 04:01:32,772 Params: {'before': None, 'limit': 71, 'raw_json': 1}
2020-02-12 04:01:33,490 https://oauth.reddit.com:443 "GET /r/test/comments/?limit=71&raw_json=1 HTTP/1.1" 200 11826
2020-02-12 04:01:33,496 Response: 200 (11826 bytes)
2020-02-12 04:01:49,201 Fetching: GET https://oauth.reddit.com/r/test/comments/
2020-02-12 04:01:49,202 Data: None
2020-02-12 04:01:49,202 Params: {'before': None, 'limit': 100, 'raw_json': 1}
2020-02-12 04:01:49,996 https://oauth.reddit.com:443 "GET /r/test/comments/?limit=100&raw_json=1 HTTP/1.1" 200 15760
2020-02-12 04:01:49,999 Response: 200 (15760 bytes)
2020-02-12 04:02:06,345 Fetching: GET https://oauth.reddit.com/r/test/comments/
2020-02-12 04:02:06,345 Data: None
2020-02-12 04:02:06,345 Params: {'before': None, 'limit': 99, 'raw_json': 1}
2020-02-12 04:02:07,234 https://oauth.reddit.com:443 "GET /r/test/comments/?limit=99&raw_json=1 HTTP/1.1" 200 15711
2020-02-12 04:02:07,238 Response: 200 (15711 bytes)
2020-02-12 04:02:23,127 Fetching: GET https://oauth.reddit.com/r/test/comments/
2020-02-12 04:02:23,128 Data: None
2020-02-12 04:02:23,128 Params: {'before': None, 'limit': 98, 'raw_json': 1}
2020-02-12 04:02:24,090 https://oauth.reddit.com:443 "GET /r/test/comments/?limit=98&raw_json=1 HTTP/1.1" 200 15670
2020-02-12 04:02:24,096 Response: 200 (15670 bytes)
2020-02-12 04:02:39,832 Fetching: GET https://oauth.reddit.com/r/test/comments/
2020-02-12 04:02:39,833 Data: None
2020-02-12 04:02:39,833 Params: {'before': None, 'limit': 97, 'raw_json': 1}
2020-02-12 04:02:40,604 https://oauth.reddit.com:443 "GET /r/test/comments/?limit=97&raw_json=1 HTTP/1.1" 200 15647
2020-02-12 04:02:40,610 Response: 200 (15647 bytes)
2020-02-12 04:02:40,647 Fetching: GET https://oauth.reddit.com/r/test/comments/
2020-02-12 04:02:40,647 Data: None
2020-02-12 04:02:40,647 Params: {'before': 't1_fhcbxpg', 'limit': 100, 'raw_json': 1}
2020-02-12 04:02:40,647 Sleeping: 0.71 seconds prior to call
2020-02-12 04:02:41,719 https://oauth.reddit.com:443 "GET /r/test/comments/?before=t1_fhcbxpg&limit=100&raw_json=1 HTTP/1.1" 200 104
2020-02-12 04:02:41,721 Response: 200 (104 bytes)
2020-02-12 04:02:42,700 Fetching: GET https://oauth.reddit.com/r/test/comments/
2020-02-12 04:02:42,701 Data: None
2020-02-12 04:02:42,701 Params: {'before': None, 'limit': 96, 'raw_json': 1}
2020-02-12 04:02:43,485 https://oauth.reddit.com:443 "GET /r/test/comments/?limit=96&raw_json=1 HTTP/1.1" 200 15601
2020-02-12 04:02:43,493 Response: 200 (15601 bytes)
2020-02-12 04:02:45,532 Fetching: GET https://oauth.reddit.com/r/test/comments/
2020-02-12 04:02:45,532 Data: None
2020-02-12 04:02:45,532 Params: {'before': None, 'limit': 95, 'raw_json': 1}
2020-02-12 04:02:46,495 https://oauth.reddit.com:443 "GET /r/test/comments/?limit=95&raw_json=1 HTTP/1.1" 200 15553
2020-02-12 04:02:46,500 Response: 200 (15553 bytes)
2020-02-12 04:02:50,600 Fetching: GET https://oauth.reddit.com/r/test/comments/
2020-02-12 04:02:50,601 Data: None
2020-02-12 04:02:50,601 Params: {'before': None, 'limit': 94, 'raw_json': 1}
2020-02-12 04:02:51,407 https://oauth.reddit.com:443 "GET /r/test/comments/?limit=94&raw_json=1 HTTP/1.1" 200 15424
2020-02-12 04:02:51,409 Response: 200 (15424 bytes)
2020-02-12 04:02:59,375 Fetching: GET https://oauth.reddit.com/r/test/comments/
2020-02-12 04:02:59,375 Data: None
2020-02-12 04:02:59,376 Params: {'before': None, 'limit': 93, 'raw_json': 1}
2020-02-12 04:03:00,388 https://oauth.reddit.com:443 "GET /r/test/comments/?limit=93&raw_json=1 HTTP/1.1" 200 15281
2020-02-12 04:03:00,396 Response: 200 (15281 bytes)
2020-02-12 04:03:16,091 Fetching: GET https://oauth.reddit.com/r/test/comments/
2020-02-12 04:03:16,093 Data: None
2020-02-12 04:03:16,093 Params: {'before': None, 'limit': 92, 'raw_json': 1}
2020-02-12 04:03:16,972 https://oauth.reddit.com:443 "GET /r/test/comments/?limit=92&raw_json=1 HTTP/1.1" 200 15105
2020-02-12 04:03:16,975 Response: 200 (15105 bytes)
2020-02-12 04:03:32,556 Fetching: GET https://oauth.reddit.com/r/test/comments/
2020-02-12 04:03:32,557 Data: None
2020-02-12 04:03:32,557 Params: {'before': None, 'limit': 91, 'raw_json': 1}
2020-02-12 04:03:33,389 https://oauth.reddit.com:443 "GET /r/test/comments/?limit=91&raw_json=1 HTTP/1.1" 200 14970
2020-02-12 04:03:33,395 Response: 200 (14970 bytes)
2020-02-12 04:03:49,268 Fetching: GET https://oauth.reddit.com/r/test/comments/
2020-02-12 04:03:49,268 Data: None
2020-02-12 04:03:49,268 Params: {'before': None, 'limit': 90, 'raw_json': 1}
2020-02-12 04:03:50,126 https://oauth.reddit.com:443 "GET /r/test/comments/?limit=90&raw_json=1 HTTP/1.1" 200 14856
2020-02-12 04:03:50,130 Response: 200 (14856 bytes)
2020-02-12 04:04:06,587 Fetching: GET https://oauth.reddit.com/r/test/comments/
2020-02-12 04:04:06,587 Data: None
2020-02-12 04:04:06,588 Params: {'before': None, 'limit': 89, 'raw_json': 1}
2020-02-12 04:04:07,460 https://oauth.reddit.com:443 "GET /r/test/comments/?limit=89&raw_json=1 HTTP/1.1" 200 14774
2020-02-12 04:04:07,465 Response: 200 (14774 bytes)
2020-02-12 04:04:23,565 Fetching: GET https://oauth.reddit.com/r/test/comments/
2020-02-12 04:04:23,566 Data: None
2020-02-12 04:04:23,567 Params: {'before': None, 'limit': 88, 'raw_json': 1}
2020-02-12 04:04:24,447 https://oauth.reddit.com:443 "GET /r/test/comments/?limit=88&raw_json=1 HTTP/1.1" 200 14674
2020-02-12 04:04:24,452 Response: 200 (14674 bytes)
2020-02-12 04:04:40,020 Fetching: GET https://oauth.reddit.com/r/test/comments/
2020-02-12 04:04:40,021 Data: None
2020-02-12 04:04:40,021 Params: {'before': None, 'limit': 87, 'raw_json': 1}
2020-02-12 04:04:40,754 https://oauth.reddit.com:443 "GET /r/test/comments/?limit=87&raw_json=1 HTTP/1.1" 200 14581
2020-02-12 04:04:40,759 Response: 200 (14581 bytes)
2020-02-12 04:04:56,908 Fetching: GET https://oauth.reddit.com/r/test/comments/
2020-02-12 04:04:56,909 Data: None
2020-02-12 04:04:56,909 Params: {'before': None, 'limit': 86, 'raw_json': 1}
2020-02-12 04:04:57,783 https://oauth.reddit.com:443 "GET /r/test/comments/?limit=86&raw_json=1 HTTP/1.1" 200 14434
2020-02-12 04:04:57,788 Response: 200 (14434 bytes)
2020-02-12 04:05:13,900 Fetching: GET https://oauth.reddit.com/r/test/comments/
2020-02-12 04:05:13,900 Data: None
2020-02-12 04:05:13,901 Params: {'before': None, 'limit': 85, 'raw_json': 1}
2020-02-12 04:05:14,671 https://oauth.reddit.com:443 "GET /r/test/comments/?limit=85&raw_json=1 HTTP/1.1" 200 14293
2020-02-12 04:05:14,676 Response: 200 (14293 bytes)
2020-02-12 04:05:30,798 Fetching: GET https://oauth.reddit.com/r/test/comments/
2020-02-12 04:05:30,799 Data: None
2020-02-12 04:05:30,800 Params: {'before': None, 'limit': 84, 'raw_json': 1}
2020-02-12 04:05:31,663 https://oauth.reddit.com:443 "GET /r/test/comments/?limit=84&raw_json=1 HTTP/1.1" 200 14236
2020-02-12 04:05:31,669 Response: 200 (14236 bytes)
2020-02-12 04:05:47,450 Fetching: GET https://oauth.reddit.com/r/test/comments/
2020-02-12 04:05:47,450 Data: None
2020-02-12 04:05:47,451 Params: {'before': None, 'limit': 83, 'raw_json': 1}
2020-02-12 04:05:48,329 https://oauth.reddit.com:443 "GET /r/test/comments/?limit=83&raw_json=1 HTTP/1.1" 200 14142
2020-02-12 04:05:48,331 Response: 200 (14142 bytes)
2020-02-12 04:06:04,678 Fetching: GET https://oauth.reddit.com/r/test/comments/
2020-02-12 04:06:04,679 Data: None
2020-02-12 04:06:04,679 Params: {'before': None, 'limit': 82, 'raw_json': 1}
2020-02-12 04:06:05,504 https://oauth.reddit.com:443 "GET /r/test/comments/?limit=82&raw_json=1 HTTP/1.1" 200 14059
2020-02-12 04:06:05,509 Response: 200 (14059 bytes)
2020-02-12 04:06:21,179 Fetching: GET https://oauth.reddit.com/r/test/comments/
2020-02-12 04:06:21,180 Data: None
2020-02-12 04:06:21,180 Params: {'before': None, 'limit': 81, 'raw_json': 1}
2020-02-12 04:06:21,807 https://oauth.reddit.com:443 "GET /r/test/comments/?limit=81&raw_json=1 HTTP/1.1" 200 13923
2020-02-12 04:06:21,812 Response: 200 (13923 bytes)
2020-02-12 04:06:38,069 Fetching: GET https://oauth.reddit.com/r/test/comments/
2020-02-12 04:06:38,070 Data: None
2020-02-12 04:06:38,070 Params: {'before': None, 'limit': 80, 'raw_json': 1}
2020-02-12 04:06:38,900 https://oauth.reddit.com:443 "GET /r/test/comments/?limit=80&raw_json=1 HTTP/1.1" 200 13868
2020-02-12 04:06:38,902 Response: 200 (13868 bytes)
2020-02-12 04:06:55,307 Fetching: GET https://oauth.reddit.com/r/test/comments/
2020-02-12 04:06:55,307 Data: None
2020-02-12 04:06:55,308 Params: {'before': None, 'limit': 79, 'raw_json': 1}
2020-02-12 04:06:56,045 https://oauth.reddit.com:443 "GET /r/test/comments/?limit=79&raw_json=1 HTTP/1.1" 200 13802
2020-02-12 04:06:56,048 Response: 200 (13802 bytes)
2020-02-12 04:07:12,161 Fetching: GET https://oauth.reddit.com/r/test/comments/
2020-02-12 04:07:12,162 Data: None
2020-02-12 04:07:12,162 Params: {'before': None, 'limit': 78, 'raw_json': 1}
2020-02-12 04:07:12,886 https://oauth.reddit.com:443 "GET /r/test/comments/?limit=78&raw_json=1 HTTP/1.1" 200 13692
2020-02-12 04:07:12,891 Response: 200 (13692 bytes)
2020-02-12 04:07:29,243 Fetching: GET https://oauth.reddit.com/r/test/comments/
2020-02-12 04:07:29,243 Data: None
2020-02-12 04:07:29,244 Params: {'before': None, 'limit': 77, 'raw_json': 1}
2020-02-12 04:07:29,998 https://oauth.reddit.com:443 "GET /r/test/comments/?limit=77&raw_json=1 HTTP/1.1" 200 13068
2020-02-12 04:07:30,003 Response: 200 (13068 bytes)
2020-02-12 04:07:46,030 Fetching: GET https://oauth.reddit.com/r/test/comments/
2020-02-12 04:07:46,031 Data: None
2020-02-12 04:07:46,031 Params: {'before': None, 'limit': 76, 'raw_json': 1}
2020-02-12 04:07:46,727 https://oauth.reddit.com:443 "GET /r/test/comments/?limit=76&raw_json=1 HTTP/1.1" 200 12987
2020-02-12 04:07:46,734 Response: 200 (12987 bytes)
2020-02-12 04:08:03,212 Fetching: GET https://oauth.reddit.com/r/test/comments/
2020-02-12 04:08:03,213 Data: None
2020-02-12 04:08:03,213 Params: {'before': None, 'limit': 75, 'raw_json': 1}
2020-02-12 04:08:03,896 https://oauth.reddit.com:443 "GET /r/test/comments/?limit=75&raw_json=1 HTTP/1.1" 200 12899
2020-02-12 04:08:03,903 Response: 200 (12899 bytes)
2020-02-12 04:08:20,336 Fetching: GET https://oauth.reddit.com/r/test/comments/
2020-02-12 04:08:20,336 Data: None
2020-02-12 04:08:20,336 Params: {'before': None, 'limit': 74, 'raw_json': 1}
2020-02-12 04:08:21,018 https://oauth.reddit.com:443 "GET /r/test/comments/?limit=74&raw_json=1 HTTP/1.1" 200 12060
2020-02-12 04:08:21,022 Response: 200 (12060 bytes)
2020-02-12 04:08:37,275 Fetching: GET https://oauth.reddit.com/r/test/comments/
2020-02-12 04:08:37,275 Data: None
2020-02-12 04:08:37,276 Params: {'before': None, 'limit': 73, 'raw_json': 1}
2020-02-12 04:08:37,935 https://oauth.reddit.com:443 "GET /r/test/comments/?limit=73&raw_json=1 HTTP/1.1" 200 11963
2020-02-12 04:08:37,937 Response: 200 (11963 bytes)
2020-02-12 04:08:53,636 Fetching: GET https://oauth.reddit.com/r/test/comments/
2020-02-12 04:08:53,637 Data: None
2020-02-12 04:08:53,637 Params: {'before': None, 'limit': 72, 'raw_json': 1}
2020-02-12 04:08:54,273 https://oauth.reddit.com:443 "GET /r/test/comments/?limit=72&raw_json=1 HTTP/1.1" 200 11887
2020-02-12 04:08:54,278 Response: 200 (11887 bytes)
2020-02-12 04:09:10,645 Fetching: GET https://oauth.reddit.com/r/test/comments/
2020-02-12 04:09:10,646 Data: None
2020-02-12 04:09:10,646 Params: {'before': None, 'limit': 71, 'raw_json': 1}
2020-02-12 04:09:11,303 https://oauth.reddit.com:443 "GET /r/test/comments/?limit=71&raw_json=1 HTTP/1.1" 200 11718
2020-02-12 04:09:11,305 Response: 200 (11718 bytes)
